
=== Thu Nov  9 11:35:00 2023

Packages were changed.
Update Mode: updateDependencies

The following packages were added:
  com.unity.ide.visualstudio@2.0.21
The following packages were updated:
  com.unity.ads from version 3.4.2 to 4.4.2
  com.unity.analytics from version 3.3.5 to 3.6.12
  com.unity.barracuda from version 0.4.0-preview to 2.0.0
  com.unity.collab-proxy from version 1.2.16 to 2.1.0
  com.unity.ext.nunit from version 1.0.0 to 1.0.6
  com.unity.ide.rider from version 1.1.4 to 3.0.25
  com.unity.ide.vscode from version 1.1.4 to 1.2.5
  com.unity.mobile.android-logcat from version 1.0.0 to 1.3.2
  com.unity.purchasing from version 2.0.6 to 4.9.3
  com.unity.test-framework from version 1.1.9 to 1.1.33
  com.unity.textmeshpro from version 2.0.1 to 3.0.6
  com.unity.timeline from version 1.2.10 to 1.6.5
  com.unity.xr.legacyinputhelpers from version 2.0.2 to 2.1.10
The following packages were removed:
  com.unity.multiplayer-hlapi@1.0.4
